<?xml version="1.0" encoding="UTF-8"?>
<!-- Generated by org.testng.reporters.JUnitReportReporter -->
<testsuite hostname="LAPTOP-GJLM3TFS" name="testcases.Demo1" tests="1" failures="0" timestamp="23 Apr 2019 02:18:20 GMT" time="43.862" errors="0">
  <testcase name="webTable" time="43.862" classname="testcases.Demo1"/>
</testsuite> <!-- testcases.Demo1 -->
