<?xml version="1.0" encoding="UTF-8"?>
<!-- Generated by org.testng.reporters.JUnitReportReporter -->
<testsuite hostname="LAPTOP-GJLM3TFS" name="testcases.Demo" tests="1" failures="0" timestamp="11 Mar 2019 16:45:27 GMT" time="48.328" errors="0">
  <testcase name="clickingImageandgetPlaceholder" time="48.328" classname="testcases.Demo"/>
</testsuite> <!-- testcases.Demo -->
